<?xml version="1.0" encoding="UTF-8"?>
<!-- Generated by org.testng.reporters.JUnitReportReporter -->
<testsuite hostname="Laptop-91" failures="0" tests="1" name="com.orangehrm.testcases.OrangeHRMTestCases" time="37.140" errors="0" timestamp="2024-02-27T15:13:06 IST" skipped="0">
  <testcase classname="com.orangehrm.testcases.OrangeHRMTestCases" name="headerAdmin" time="37.140"/>
</testsuite> <!-- com.orangehrm.testcases.OrangeHRMTestCases -->
