<?xml version="1.0" encoding="UTF-8"?>
<!-- Generated by org.testng.reporters.JUnitReportReporter -->
<testsuite hostname="Laptop-91" failures="0" tests="1" name="com.orangehrm.testcases.OrangeHRMTestCases" time="39.488" errors="0" timestamp="2024-02-28T17:33:27 IST" skipped="0">
  <testcase classname="com.orangehrm.testcases.OrangeHRMTestCases" name="tabPIM" time="39.488"/>
</testsuite> <!-- com.orangehrm.testcases.OrangeHRMTestCases -->
