<?xml version="1.0" encoding="UTF-8"?>
<!-- Generated by org.testng.reporters.JUnitReportReporter -->
<testsuite hostname="Laptop-91" failures="0" tests="1" name="com.orangehrm.testcases.OrangeHRMTestCases" time="80.062" errors="0" timestamp="2024-02-29T17:27:16 IST" skipped="0">
  <testcase classname="com.orangehrm.testcases.OrangeHRMTestCases" name="tabPIM" time="80.062"/>
</testsuite> <!-- com.orangehrm.testcases.OrangeHRMTestCases -->
